[2026-01-25 21:44:39] production.ERROR: PHP Parse error: Syntax error, unexpected T_NS_SEPARATOR on line 2 {"exception":"[object] (Psy\\Exception\\ParseErrorException(code: 0): PHP Parse error: Syntax error, unexpected T_NS_SEPARATOR on line 2 at C:/Users/angel/OneDrive - UNIVERSIDAD ANDRES BELLO/Documents/WITHMIA/mia-app/vendor/psy/psysh/src/Exception/ParseErrorException.php:44)
[stacktrace]
#0 C:/Users/angel/OneDrive - UNIVERSIDAD ANDRES BELLO/Documents/WITHMIA/mia-app/vendor/psy/psysh/src/CodeCleaner.php(488): Psy/Exception/ParseErrorException::fromParseError(Object(PhpParser/Error))
#1 C:/Users/angel/OneDrive - UNIVERSIDAD ANDRES BELLO/Documents/WITHMIA/mia-app/vendor/psy/psysh/src/CodeCleaner.php(269): Psy/CodeCleaner->parse('<?php /n// = DB::...', false)
#2 C:/Users/angel/OneDrive - UNIVERSIDAD ANDRES BELLO/Documents/WITHMIA/mia-app/vendor/psy/psysh/src/Shell.php(985): Psy/CodeCleaner->clean(Array, false)
#3 C:/Users/angel/OneDrive - UNIVERSIDAD ANDRES BELLO/Documents/WITHMIA/mia-app/vendor/psy/psysh/src/Shell.php(1018): Psy/Shell->addCode('/n// = DB::connec...', true)
#4 C:/Users/angel/OneDrive - UNIVERSIDAD ANDRES BELLO/Documents/WITHMIA/mia-app/vendor/psy/psysh/src/Shell.php(1562): Psy/Shell->setCode('/n// = DB::connec...', true)
#5 C:/Users/angel/OneDrive - UNIVERSIDAD ANDRES BELLO/Documents/WITHMIA/mia-app/vendor/laravel/tinker/src/Console/TinkerCommand.php(76): Psy/Shell->execute('/n// = DB::connec...')
#6 C:/Users/angel/OneDrive - UNIVERSIDAD ANDRES BELLO/Documents/WITHMIA/mia-app/vendor/laravel/framework/src/Illuminate/Container/BoundMethod.php(36): Laravel/Tinker/Console/TinkerCommand->handle()
#7 C:/Users/angel/OneDrive - UNIVERSIDAD ANDRES BELLO/Documents/WITHMIA/mia-app/vendor/laravel/framework/src/Illuminate/Container/Util.php(43): Illuminate/Container/BoundMethod::Illuminate/Container/{closure}()
#8 C:/Users/angel/OneDrive - UNIVERSIDAD ANDRES BELLO/Documents/WITHMIA/mia-app/vendor/laravel/framework/src/Illuminate/Container/BoundMethod.php(96): Illuminate/Container/Util::unwrapIfClosure(Object(Closure))
#9 C:/Users/angel/OneDrive - UNIVERSIDAD ANDRES BELLO/Documents/WITHMIA/mia-app/vendor/laravel/framework/src/Illuminate/Container/BoundMethod.php(35): Illuminate/Container/BoundMethod::callBoundMethod(Object(Illuminate/Foundation/Application), Array, Object(Closure))
#10 C:/Users/angel/OneDrive - UNIVERSIDAD ANDRES BELLO/Documents/WITHMIA/mia-app/vendor/laravel/framework/src/Illuminate/Container/Container.php(799): Illuminate/Container/BoundMethod::call(Object(Illuminate/Foundation/Application), Array, Array, NULL)
#11 C:/Users/angel/OneDrive - UNIVERSIDAD ANDRES BELLO/Documents/WITHMIA/mia-app/vendor/laravel/framework/src/Illuminate/Console/Command.php(211): Illuminate/Container/Container->call(Array)
#12 C:/Users/angel/OneDrive - UNIVERSIDAD ANDRES BELLO/Documents/WITHMIA/mia-app/vendor/symfony/console/Command/Command.php(341): Illuminate/Console/Command->execute(Object(Symfony/Component/Console/Input/ArgvInput), Object(Illuminate/Console/OutputStyle))
#13 C:/Users/angel/OneDrive - UNIVERSIDAD ANDRES BELLO/Documents/WITHMIA/mia-app/vendor/laravel/framework/src/Illuminate/Console/Command.php(180): Symfony/Component/Console/Command/Command->run(Object(Symfony/Component/Console/Input/ArgvInput), Object(Illuminate/Console/OutputStyle))
#14 C:/Users/angel/OneDrive - UNIVERSIDAD ANDRES BELLO/Documents/WITHMIA/mia-app/vendor/symfony/console/Application.php(1102): Illuminate/Console/Command->run(Object(Symfony/Component/Console/Input/ArgvInput), Object(Symfony/Component/Console/Output/ConsoleOutput))
#15 C:/Users/angel/OneDrive - UNIVERSIDAD ANDRES BELLO/Documents/WITHMIA/mia-app/vendor/symfony/console/Application.php(356): Symfony/Component/Console/Application->doRunCommand(Object(Laravel/Tinker/Console/TinkerCommand), Object(Symfony/Component/Console/Input/ArgvInput), Object(Symfony/Component/Console/Output/ConsoleOutput))
#16 C:/Users/angel/OneDrive - UNIVERSIDAD ANDRES BELLO/Documents/WITHMIA/mia-app/vendor/symfony/console/Application.php(195): Symfony/Component/Console/Application->doRun(Object(Symfony/Component/Console/Input/ArgvInput), Object(Symfony/Component/Console/Output/ConsoleOutput))
#17 C:/Users/angel/OneDrive - UNIVERSIDAD ANDRES BELLO/Documents/WITHMIA/mia-app/vendor/laravel/framework/src/Illuminate/Foundation/Console/Kernel.php(198): Symfony/Component/Console/Application->run(Object(Symfony/Component/Console/Input/ArgvInput), Object(Symfony/Component/Console/Output/ConsoleOutput))
#18 C:/Users/angel/OneDrive - UNIVERSIDAD ANDRES BELLO/Documents/WITHMIA/mia-app/vendor/laravel/framework/src/Illuminate/Foundation/Application.php(1235): Illuminate/Foundation/Console/Kernel->handle(Object(Symfony/Component/Console/Input/ArgvInput), Object(Symfony/Component/Console/Output/ConsoleOutput))
#19 C:/Users/angel/OneDrive - UNIVERSIDAD ANDRES BELLO/Documents/WITHMIA/mia-app/artisan(16): Illuminate/Foundation/Application->handleCommand(Object(Symfony/Component/Console/Input/ArgvInput))
#20 {main}
"} 
